<?xml version="1.0" encoding="UTF-8"?>
<!-- Generated by org.testng.reporters.JUnitReportReporter -->
<testsuite skipped="0" hostname="WKWIN5295644" name="Jenkins" tests="1" failures="0" timestamp="2021-07-12T21:00:33 IST" time="0.010" errors="0">
  <testcase name="test" time="0.010" classname="Jenkins"/>
  <system-out/>
</testsuite> <!-- Jenkins -->
